Copyright 1986-2018 Xilinx, Inc. All Rights Reserved.
------------------------------------------------------------------------------------
| Tool Version : Vivado v.2018.2 (win64) Build 2258646 Thu Jun 14 20:03:12 MDT 2018
| Date         : Wed May 18 19:48:02 2022
| Host         : LaptopScoala running 64-bit major release  (build 9200)
| Command      : report_control_sets -verbose -file fsm_sc_control_sets_placed.rpt
| Design       : fsm_sc
| Device       : xc7a35t
------------------------------------------------------------------------------------

Control Set Information

Table of Contents
-----------------
1. Summary
2. Histogram
3. Flip-Flop Distribution
4. Detailed Control Set Information

1. Summary
----------

+----------------------------------------------------------+-------+
|                          Status                          | Count |
+----------------------------------------------------------+-------+
| Number of unique control sets                            |     8 |
| Unused register locations in slices containing registers |    16 |
+----------------------------------------------------------+-------+


2. Histogram
------------

+--------+--------------+
| Fanout | Control Sets |
+--------+--------------+
|      4 |            1 |
|    16+ |            7 |
+--------+--------------+


3. Flip-Flop Distribution
-------------------------

+--------------+-----------------------+------------------------+-----------------+--------------+
| Clock Enable | Synchronous Set/Reset | Asynchronous Set/Reset | Total Registers | Total Slices |
+--------------+-----------------------+------------------------+-----------------+--------------+
| No           | No                    | No                     |               4 |            1 |
| No           | No                    | Yes                    |             124 |           23 |
| No           | Yes                   | No                     |               0 |            0 |
| Yes          | No                    | No                     |               0 |            0 |
| Yes          | No                    | Yes                    |               0 |            0 |
| Yes          | Yes                   | No                     |             320 |           45 |
+--------------+-----------------------+------------------------+-----------------+--------------+


4. Detailed Control Set Information
-----------------------------------

+----------------+---------------+-----------------------+------------------+----------------+
|  Clock Signal  | Enable Signal |    Set/Reset Signal   | Slice Load Count | Bel Load Count |
+----------------+---------------+-----------------------+------------------+----------------+
|  u/clk1kHz     |               |                       |                1 |              4 |
|  clk_IBUF_BUFG |               | btn_IBUF[4]           |                5 |             34 |
|  clk_IBUF_BUFG | db0/count0    | db0/count[31]_i_1_n_0 |                9 |             64 |
|  clk_IBUF_BUFG | db1/count0    | db1/count[31]_i_1_n_0 |                9 |             64 |
|  clk_IBUF_BUFG | db2/count0    | db2/count[31]_i_1_n_0 |                9 |             64 |
|  clk_IBUF_BUFG | db3/count0    | db3/count[31]_i_1_n_0 |                9 |             64 |
|  clk_IBUF_BUFG | r5/count0     | r5/count[31]_i_1_n_0  |                9 |             64 |
|  clk_IBUF_BUFG |               | r5/btn_db_4           |               18 |             90 |
+----------------+---------------+-----------------------+------------------+----------------+


